#
# There is insufficient memory for the Java Runtime Environment to continue.
# Native memory allocation (mmap) failed to map 93323264 bytes for Failed to commit area from 0x000000008a000000 to 0x000000008f900000 of length 93323264.
# Possible reasons:
#   The system is out of physical RAM or swap space
#   The process is running with CompressedOops enabled, and the Java Heap may be blocking the growth of the native heap
# Possible solutions:
#   Reduce memory load on the system
#   Increase physical memory or swap space
#   Check if swap backing store is full
#   Decrease Java heap size (-Xmx/-Xms)
#   Decrease number of Java threads
#   Decrease Java thread stack sizes (-Xss)
#   Set larger code cache with -XX:ReservedCodeCacheSize=
#   JVM is running with Unscaled Compressed Oops mode in which the Java heap is
#     placed in the first 4GB address space. The Java Heap base address is the
#     maximum limit for the native heap growth. Please use -XX:HeapBaseMinAddress
#     to set the Java Heap base and to place the Java Heap above 4GB virtual address.
# This output file may be truncated or incomplete.
#
#  Out of Memory Error (./open/src/hotspot/os/windows/os_windows.cpp:3315), pid=10732, tid=22404
#
# JRE version: OpenJDK Runtime Environment (14.0.2+12) (build 14.0.2+12-46)
# Java VM: OpenJDK 64-Bit Server VM (14.0.2+12-46, mixed mode, tiered, compressed oops, g1 gc, windows-amd64)
# No core dump will be written. Minidumps are not enabled by default on client versions of Windows
#

---------------  S U M M A R Y ------------

Command Line: -Dfile.encoding=Cp1252 -XX:+ShowCodeDetailsInExceptionMessages HangmanGame

Host: Intel(R) Core(TM) i5-8350U CPU @ 1.70GHz, 8 cores, 7G,  Windows 10 , 64 bit Build 18362 (10.0.18362.1110)
Time: Mon Dec  7 12:00:36 2020 Eastern Standard Time elapsed time: 0 seconds (0d 0h 0m 0s)

---------------  T H R E A D  ---------------

Current thread (0x000001c572c9f000):  VMThread "VM Thread" [stack: 0x0000003732200000,0x0000003732300000] [id=22404]

Stack: [0x0000003732200000,0x0000003732300000]
[error occurred during error reporting (printing stack bounds), id 0xc0000005, EXCEPTION_ACCESS_VIOLATION (0xc0000005) at pc=0x000001c55b4110ad]

Native frames: (J=compiled Java code, j=interpreted, Vv=VM code, C=native code)
V  [jvm.dll+0x5f8a9a]
V  [jvm.dll+0x74247a]
V  [jvm.dll+0x743c2f]
V  [jvm.dll+0x7441d5]
V  [jvm.dll+0x74418b]
V  [jvm.dll+0x5f7f6f]
V  [jvm.dll+0x5f8738]
C  [ntdll.dll+0xa184f]
C  [ntdll.dll+0x6a889]
C  [ntdll.dll+0xa04be]
C  0x000001c55b4110ad

VM_Operation (0x0000003731cfed70): G1CollectForAllocation, mode: safepoint, requested by thread 0x000001c555f50800


---------------  P R O C E S S  ---------------

Threads class SMR info:
_java_thread_list=0x000001c572edcdf0, length=12, elements={
0x000001c555f50800, 0x000001c572cb2800, 0x000001c572cb3800, 0x000001c572cf1800,
0x000001c572cf4800, 0x000001c572cf8800, 0x000001c572cd8000, 0x000001c572cde800,
0x000001c572d01000, 0x000001c572e6b000, 0x000001c572e6e800, 0x000001c572eaa000
}

Java Threads: ( => current thread )
  0x000001c555f50800 JavaThread "main" [_thread_blocked, id=11096, stack(0x0000003731c00000,0x0000003731d00000)]
  0x000001c572cb2800 JavaThread "Reference Handler" daemon [_thread_blocked, id=2568, stack(0x0000003732300000,0x0000003732400000)]
  0x000001c572cb3800 JavaThread "Finalizer" daemon [_thread_blocked, id=5304, stack(0x0000003732400000,0x0000003732500000)]
  0x000001c572cf1800 JavaThread "Signal Dispatcher" daemon [_thread_blocked, id=28244, stack(0x0000003732500000,0x0000003732600000)]
  0x000001c572cf4800 JavaThread "Attach Listener" daemon [_thread_blocked, id=28396, stack(0x0000003732600000,0x0000003732700000)]
  0x000001c572cf8800 JavaThread "Service Thread" daemon [_thread_blocked, id=4500, stack(0x0000003732700000,0x0000003732800000)]
  0x000001c572cd8000 JavaThread "C2 CompilerThread0" daemon [_thread_blocked, id=23056, stack(0x0000003732800000,0x0000003732900000)]
  0x000001c572cde800 JavaThread "C1 CompilerThread0" daemon [_thread_blocked, id=14192, stack(0x0000003732900000,0x0000003732a00000)]
  0x000001c572d01000 JavaThread "Sweeper thread" daemon [_thread_blocked, id=10708, stack(0x0000003732a00000,0x0000003732b00000)]
  0x000001c572e6b000 JavaThread "Notification Thread" daemon [_thread_blocked, id=30364, stack(0x0000003732b00000,0x0000003732c00000)]
  0x000001c572e6e800 JavaThread "Common-Cleaner" daemon [_thread_blocked, id=33072, stack(0x0000003732d00000,0x0000003732e00000)]
  0x000001c572eaa000 JavaThread "C2 CompilerThread1" daemon [_thread_blocked, id=21348, stack(0x0000003732e00000,0x0000003732f00000)]

Other Threads:
=>0x000001c572c9f000 VMThread "VM Thread" [stack: 0x0000003732200000,0x0000003732300000] [id=22404]
  0x000001c572e6c000 WatcherThread [stack: 0x0000003732c00000,0x0000003732d00000] [id=20288]
  0x000001c555f92000 GCTaskThread "GC Thread#0" [stack: 0x0000003731d00000,0x0000003731e00000] [id=28552]
  0x000001c572e6c800 GCTaskThread "GC Thread#1" [stack: 0x0000003732f00000,0x0000003733000000] [id=34704]
  0x000001c57305d800 GCTaskThread "GC Thread#2" [stack: 0x0000003733000000,0x0000003733100000] [id=24776]
  0x000001c555fa4800 ConcurrentGCThread "G1 Main Marker" [stack: 0x0000003731e00000,0x0000003731f00000] [id=892]
  0x000001c555fa7000 ConcurrentGCThread "G1 Conc#0" [stack: 0x0000003731f00000,0x0000003732000000] [id=34832]
  0x000001c5722b9800 ConcurrentGCThread "G1 Refine#0" [stack: 0x0000003732000000,0x0000003732100000] [id=8564]
  0x000001c5722bd800 ConcurrentGCThread "G1 Young RemSet Sampling" [stack: 0x0000003732100000,0x0000003732200000] [id=23404]

Threads with active compile tasks:

VM state:at safepoint (normal execution)

VM Mutex/Monitor currently owned by a thread:  ([mutex/lock_event])
[0x000001c555e3c210] Threads_lock - owner thread: 0x000001c572c9f000
[0x000001c555e3c8d0] Heap_lock - owner thread: 0x000001c555f50800

Heap address: 0x0000000082200000, size: 2014 MB, Compressed Oops mode: 32-bit
Narrow klass base: 0x0000000000000000, Narrow klass shift: 3
Compressed class space size: 1073741824 Address: 0x0000000100000000

Heap:
 garbage-first heap   total 220160K, used 10518K [0x0000000082200000, 0x0000000100000000)
  region size 1024K, 7 young (7168K), 7 survivors (7168K)
 Metaspace       used 5050K, capacity 5151K, committed 5376K, reserved 1056768K
  class space    used 400K, capacity 433K, committed 512K, reserved 1048576K
Heap Regions: E=young(eden), S=young(survivor), O=old, HS=humongous(starts), HC=humongous(continues), CS=collection set, F=free, OA=open archive, CA=closed archive, TAMS=top-at-mark-start (previous, next)
|   0|0x0000000082200000, 0x0000000082300000, 0x0000000082300000|100%|HS|  |TAMS 0x0000000082200000, 0x0000000082200000| Complete 
|   1|0x0000000082300000, 0x0000000082400000, 0x0000000082400000|100%| O|  |TAMS 0x0000000082300000, 0x0000000082300000| Untracked 
|   2|0x0000000082400000, 0x0000000082500000, 0x0000000082500000|100%| O|  |TAMS 0x0000000082400000, 0x0000000082400000| Untracked 
|   3|0x0000000082500000, 0x0000000082545a00, 0x0000000082600000| 27%| O|  |TAMS 0x0000000082500000, 0x0000000082500000| Untracked 
|   4|0x0000000082600000, 0x0000000082600000, 0x0000000082700000|  0%| F|  |TAMS 0x0000000082600000, 0x0000000082600000| Untracked 
|   5|0x0000000082700000, 0x0000000082700000, 0x0000000082800000|  0%| F|  |TAMS 0x0000000082700000, 0x0000000082700000| Untracked 
|   6|0x0000000082800000, 0x0000000082800000, 0x0000000082900000|  0%| F|  |TAMS 0x0000000082800000, 0x0000000082800000| Untracked 
|   7|0x0000000082900000, 0x0000000082900000, 0x0000000082a00000|  0%| F|  |TAMS 0x0000000082900000, 0x0000000082900000| Untracked 
|   8|0x0000000082a00000, 0x0000000082a00000, 0x0000000082b00000|  0%| F|  |TAMS 0x0000000082a00000, 0x0000000082a00000| Untracked 
|   9|0x0000000082b00000, 0x0000000082b00000, 0x0000000082c00000|  0%| F|  |TAMS 0x0000000082b00000, 0x0000000082b00000| Untracked 
|  10|0x0000000082c00000, 0x0000000082c00000, 0x0000000082d00000|  0%| F|  |TAMS 0x0000000082c00000, 0x0000000082c00000| Untracked 
|  11|0x0000000082d00000, 0x0000000082d00000, 0x0000000082e00000|  0%| F|  |TAMS 0x0000000082d00000, 0x0000000082d00000| Untracked 
|  12|0x0000000082e00000, 0x0000000082e00000, 0x0000000082f00000|  0%| F|  |TAMS 0x0000000082e00000, 0x0000000082e00000| Untracked 
|  13|0x0000000082f00000, 0x0000000082f00000, 0x0000000083000000|  0%| F|  |TAMS 0x0000000082f00000, 0x0000000082f00000| Untracked 
|  14|0x0000000083000000, 0x0000000083000000, 0x0000000083100000|  0%| F|  |TAMS 0x0000000083000000, 0x0000000083000000| Untracked 
|  15|0x0000000083100000, 0x0000000083100000, 0x0000000083200000|  0%| F|  |TAMS 0x0000000083100000, 0x0000000083100000| Untracked 
|  16|0x0000000083200000, 0x0000000083200000, 0x0000000083300000|  0%| F|  |TAMS 0x0000000083200000, 0x0000000083200000| Untracked 
|  17|0x0000000083300000, 0x0000000083300000, 0x0000000083400000|  0%| F|  |TAMS 0x0000000083300000, 0x0000000083300000| Untracked 
|  18|0x0000000083400000, 0x0000000083400000, 0x0000000083500000|  0%| F|  |TAMS 0x0000000083400000, 0x0000000083400000| Untracked 
|  19|0x0000000083500000, 0x0000000083500000, 0x0000000083600000|  0%| F|  |TAMS 0x0000000083500000, 0x0000000083500000| Untracked 
|  20|0x0000000083600000, 0x0000000083600000, 0x0000000083700000|  0%| F|  |TAMS 0x0000000083600000, 0x0000000083600000| Untracked 
|  21|0x0000000083700000, 0x0000000083700000, 0x0000000083800000|  0%| F|  |TAMS 0x0000000083700000, 0x0000000083700000| Untracked 
|  22|0x0000000083800000, 0x0000000083800000, 0x0000000083900000|  0%| F|  |TAMS 0x0000000083800000, 0x0000000083800000| Untracked 
|  23|0x0000000083900000, 0x0000000083900000, 0x0000000083a00000|  0%| F|  |TAMS 0x0000000083900000, 0x0000000083900000| Untracked 
|  24|0x0000000083a00000, 0x0000000083a00000, 0x0000000083b00000|  0%| F|  |TAMS 0x0000000083a00000, 0x0000000083a00000| Untracked 
|  25|0x0000000083b00000, 0x0000000083b00000, 0x0000000083c00000|  0%| F|  |TAMS 0x0000000083b00000, 0x0000000083b00000| Untracked 
|  26|0x0000000083c00000, 0x0000000083c00000, 0x0000000083d00000|  0%| F|  |TAMS 0x0000000083c00000, 0x0000000083c00000| Untracked 
|  27|0x0000000083d00000, 0x0000000083d00000, 0x0000000083e00000|  0%| F|  |TAMS 0x0000000083d00000, 0x0000000083d00000| Untracked 
|  28|0x0000000083e00000, 0x0000000083e00000, 0x0000000083f00000|  0%| F|  |TAMS 0x0000000083e00000, 0x0000000083e00000| Untracked 
|  29|0x0000000083f00000, 0x0000000083f00000, 0x0000000084000000|  0%| F|  |TAMS 0x0000000083f00000, 0x0000000083f00000| Untracked 
|  30|0x0000000084000000, 0x0000000084000000, 0x0000000084100000|  0%| F|  |TAMS 0x0000000084000000, 0x0000000084000000| Untracked 
|  31|0x0000000084100000, 0x0000000084100000, 0x0000000084200000|  0%| F|  |TAMS 0x0000000084100000, 0x0000000084100000| Untracked 
|  32|0x0000000084200000, 0x0000000084200000, 0x0000000084300000|  0%| F|  |TAMS 0x0000000084200000, 0x0000000084200000| Untracked 
|  33|0x0000000084300000, 0x0000000084300000, 0x0000000084400000|  0%| F|  |TAMS 0x0000000084300000, 0x0000000084300000| Untracked 
|  34|0x0000000084400000, 0x0000000084400000, 0x0000000084500000|  0%| F|  |TAMS 0x0000000084400000, 0x0000000084400000| Untracked 
|  35|0x0000000084500000, 0x0000000084500000, 0x0000000084600000|  0%| F|  |TAMS 0x0000000084500000, 0x0000000084500000| Untracked 
|  36|0x0000000084600000, 0x0000000084600000, 0x0000000084700000|  0%| F|  |TAMS 0x0000000084600000, 0x0000000084600000| Untracked 
|  37|0x0000000084700000, 0x0000000084700000, 0x0000000084800000|  0%| F|  |TAMS 0x0000000084700000, 0x0000000084700000| Untracked 
|  38|0x0000000084800000, 0x0000000084800000, 0x0000000084900000|  0%| F|  |TAMS 0x0000000084800000, 0x0000000084800000| Untracked 
|  39|0x0000000084900000, 0x0000000084900000, 0x0000000084a00000|  0%| F|  |TAMS 0x0000000084900000, 0x0000000084900000| Untracked 
|  40|0x0000000084a00000, 0x0000000084a00000, 0x0000000084b00000|  0%| F|  |TAMS 0x0000000084a00000, 0x0000000084a00000| Untracked 
|  41|0x0000000084b00000, 0x0000000084b00000, 0x0000000084c00000|  0%| F|  |TAMS 0x0000000084b00000, 0x0000000084b00000| Untracked 
|  42|0x0000000084c00000, 0x0000000084c00000, 0x0000000084d00000|  0%| F|  |TAMS 0x0000000084c00000, 0x0000000084c00000| Untracked 
|  43|0x0000000084d00000, 0x0000000084d00000, 0x0000000084e00000|  0%| F|  |TAMS 0x0000000084d00000, 0x0000000084d00000| Untracked 
|  44|0x0000000084e00000, 0x0000000084e00000, 0x0000000084f00000|  0%| F|  |TAMS 0x0000000084e00000, 0x0000000084e00000| Untracked 
|  45|0x0000000084f00000, 0x0000000084f00000, 0x0000000085000000|  0%| F|  |TAMS 0x0000000084f00000, 0x0000000084f00000| Untracked 
|  46|0x0000000085000000, 0x0000000085100000, 0x0000000085100000|100%| S|CS|TAMS 0x0000000085000000, 0x0000000085000000| Complete 
|  47|0x0000000085100000, 0x0000000085200000, 0x0000000085200000|100%| S|CS|TAMS 0x0000000085100000, 0x0000000085100000| Complete 
|  48|0x0000000085200000, 0x0000000085300000, 0x0000000085300000|100%| S|CS|TAMS 0x0000000085200000, 0x0000000085200000| Complete 
|  49|0x0000000085300000, 0x0000000085400000, 0x0000000085400000|100%| S|CS|TAMS 0x0000000085300000, 0x0000000085300000| Complete 
|  50|0x0000000085400000, 0x0000000085500000, 0x0000000085500000|100%| S|CS|TAMS 0x0000000085400000, 0x0000000085400000| Complete 
|  51|0x0000000085500000, 0x0000000085500000, 0x0000000085600000|  0%| F|  |TAMS 0x0000000085500000, 0x0000000085500000| Untracked 
|  52|0x0000000085600000, 0x0000000085600000, 0x0000000085700000|  0%| F|  |TAMS 0x0000000085600000, 0x0000000085600000| Untracked 
|  53|0x0000000085700000, 0x0000000085700000, 0x0000000085800000|  0%| F|  |TAMS 0x0000000085700000, 0x0000000085700000| Untracked 
|  54|0x0000000085800000, 0x0000000085800000, 0x0000000085900000|  0%| F|  |TAMS 0x0000000085800000, 0x0000000085800000| Untracked 
|  55|0x0000000085900000, 0x0000000085900000, 0x0000000085a00000|  0%| F|  |TAMS 0x0000000085900000, 0x0000000085900000| Untracked 
|  56|0x0000000085a00000, 0x0000000085b00000, 0x0000000085b00000|100%| S|CS|TAMS 0x0000000085a00000, 0x0000000085a00000| Complete 
|  57|0x0000000085b00000, 0x0000000085c00000, 0x0000000085c00000|100%| S|CS|TAMS 0x0000000085b00000, 0x0000000085b00000| Complete 
|  58|0x0000000085c00000, 0x0000000085c00000, 0x0000000085d00000|  0%| F|  |TAMS 0x0000000085c00000, 0x0000000085c00000| Untracked 
|  59|0x0000000085d00000, 0x0000000085d00000, 0x0000000085e00000|  0%| F|  |TAMS 0x0000000085d00000, 0x0000000085d00000| Untracked 
|  60|0x0000000085e00000, 0x0000000085e00000, 0x0000000085f00000|  0%| F|  |TAMS 0x0000000085e00000, 0x0000000085e00000| Untracked 
|  61|0x0000000085f00000, 0x0000000085f00000, 0x0000000086000000|  0%| F|  |TAMS 0x0000000085f00000, 0x0000000085f00000| Untracked 
|  62|0x0000000086000000, 0x0000000086000000, 0x0000000086100000|  0%| F|  |TAMS 0x0000000086000000, 0x0000000086000000| Untracked 
|  63|0x0000000086100000, 0x0000000086100000, 0x0000000086200000|  0%| F|  |TAMS 0x0000000086100000, 0x0000000086100000| Untracked 
|  64|0x0000000086200000, 0x0000000086200000, 0x0000000086300000|  0%| F|  |TAMS 0x0000000086200000, 0x0000000086200000| Untracked 
|  65|0x0000000086300000, 0x0000000086300000, 0x0000000086400000|  0%| F|  |TAMS 0x0000000086300000, 0x0000000086300000| Untracked 
|  66|0x0000000086400000, 0x0000000086400000, 0x0000000086500000|  0%| F|  |TAMS 0x0000000086400000, 0x0000000086400000| Untracked 
|  67|0x0000000086500000, 0x0000000086500000, 0x0000000086600000|  0%| F|  |TAMS 0x0000000086500000, 0x0000000086500000| Untracked 
|  68|0x0000000086600000, 0x0000000086600000, 0x0000000086700000|  0%| F|  |TAMS 0x0000000086600000, 0x0000000086600000| Untracked 
|  69|0x0000000086700000, 0x0000000086700000, 0x0000000086800000|  0%| F|  |TAMS 0x0000000086700000, 0x0000000086700000| Untracked 
|  70|0x0000000086800000, 0x0000000086800000, 0x0000000086900000|  0%| F|  |TAMS 0x0000000086800000, 0x0000000086800000| Untracked 
|  71|0x0000000086900000, 0x0000000086900000, 0x0000000086a00000|  0%| F|  |TAMS 0x0000000086900000, 0x0000000086900000| Untracked 
|  72|0x0000000086a00000, 0x0000000086a00000, 0x0000000086b00000|  0%| F|  |TAMS 0x0000000086a00000, 0x0000000086a00000| Untracked 
|  73|0x0000000086b00000, 0x0000000086b00000, 0x0000000086c00000|  0%| F|  |TAMS 0x0000000086b00000, 0x0000000086b00000| Untracked 
|  74|0x0000000086c00000, 0x0000000086c00000, 0x0000000086d00000|  0%| F|  |TAMS 0x0000000086c00000, 0x0000000086c00000| Untracked 
|  75|0x0000000086d00000, 0x0000000086d00000, 0x0000000086e00000|  0%| F|  |TAMS 0x0000000086d00000, 0x0000000086d00000| Untracked 
|  76|0x0000000086e00000, 0x0000000086e00000, 0x0000000086f00000|  0%| F|  |TAMS 0x0000000086e00000, 0x0000000086e00000| Untracked 
|  77|0x0000000086f00000, 0x0000000086f00000, 0x0000000087000000|  0%| F|  |TAMS 0x0000000086f00000, 0x0000000086f00000| Untracked 
|  78|0x0000000087000000, 0x0000000087000000, 0x0000000087100000|  0%| F|  |TAMS 0x0000000087000000, 0x0000000087000000| Untracked 
|  79|0x0000000087100000, 0x0000000087100000, 0x0000000087200000|  0%| F|  |TAMS 0x0000000087100000, 0x0000000087100000| Untracked 
|  80|0x0000000087200000, 0x0000000087200000, 0x0000000087300000|  0%| F|  |TAMS 0x0000000087200000, 0x0000000087200000| Untracked 
|  81|0x0000000087300000, 0x0000000087300000, 0x0000000087400000|  0%| F|  |TAMS 0x0000000087300000, 0x0000000087300000| Untracked 
|  82|0x0000000087400000, 0x0000000087400000, 0x0000000087500000|  0%| F|  |TAMS 0x0000000087400000, 0x0000000087400000| Untracked 
|  83|0x0000000087500000, 0x0000000087500000, 0x0000000087600000|  0%| F|  |TAMS 0x0000000087500000, 0x0000000087500000| Untracked 
|  84|0x0000000087600000, 0x0000000087600000, 0x0000000087700000|  0%| F|  |TAMS 0x0000000087600000, 0x0000000087600000| Untracked 
|  85|0x0000000087700000, 0x0000000087700000, 0x0000000087800000|  0%| F|  |TAMS 0x0000000087700000, 0x0000000087700000| Untracked 
|  86|0x0000000087800000, 0x0000000087800000, 0x0000000087900000|  0%| F|  |TAMS 0x0000000087800000, 0x0000000087800000| Untracked 
|  87|0x0000000087900000, 0x0000000087900000, 0x0000000087a00000|  0%| F|  |TAMS 0x0000000087900000, 0x0000000087900000| Untracked 
|  88|0x0000000087a00000, 0x0000000087a00000, 0x0000000087b00000|  0%| F|  |TAMS 0x0000000087a00000, 0x0000000087a00000| Untracked 
|  89|0x0000000087b00000, 0x0000000087b00000, 0x0000000087c00000|  0%| F|  |TAMS 0x0000000087b00000, 0x0000000087b00000| Untracked 
|  90|0x0000000087c00000, 0x0000000087c00000, 0x0000000087d00000|  0%| F|  |TAMS 0x0000000087c00000, 0x0000000087c00000| Untracked 
|  91|0x0000000087d00000, 0x0000000087d00000, 0x0000000087e00000|  0%| F|  |TAMS 0x0000000087d00000, 0x0000000087d00000| Untracked 
|  92|0x0000000087e00000, 0x0000000087e00000, 0x0000000087f00000|  0%| F|  |TAMS 0x0000000087e00000, 0x0000000087e00000| Untracked 
|  93|0x0000000087f00000, 0x0000000087f00000, 0x0000000088000000|  0%| F|  |TAMS 0x0000000087f00000, 0x0000000087f00000| Untracked 
|  94|0x0000000088000000, 0x0000000088000000, 0x0000000088100000|  0%| F|  |TAMS 0x0000000088000000, 0x0000000088000000| Untracked 
|  95|0x0000000088100000, 0x0000000088100000, 0x0000000088200000|  0%| F|  |TAMS 0x0000000088100000, 0x0000000088100000| Untracked 
|  96|0x0000000088200000, 0x0000000088200000, 0x0000000088300000|  0%| F|  |TAMS 0x0000000088200000, 0x0000000088200000| Untracked 
|  97|0x0000000088300000, 0x0000000088300000, 0x0000000088400000|  0%| F|  |TAMS 0x0000000088300000, 0x0000000088300000| Untracked 
|  98|0x0000000088400000, 0x0000000088400000, 0x0000000088500000|  0%| F|  |TAMS 0x0000000088400000, 0x0000000088400000| Untracked 
|  99|0x0000000088500000, 0x0000000088500000, 0x0000000088600000|  0%| F|  |TAMS 0x0000000088500000, 0x0000000088500000| Untracked 
| 100|0x0000000088600000, 0x0000000088600000, 0x0000000088700000|  0%| F|  |TAMS 0x0000000088600000, 0x0000000088600000| Untracked 
| 101|0x0000000088700000, 0x0000000088700000, 0x0000000088800000|  0%| F|  |TAMS 0x0000000088700000, 0x0000000088700000| Untracked 
| 102|0x0000000088800000, 0x0000000088800000, 0x0000000088900000|  0%| F|  |TAMS 0x0000000088800000, 0x0000000088800000| Untracked 
| 103|0x0000000088900000, 0x0000000088900000, 0x0000000088a00000|  0%| F|  |TAMS 0x0000000088900000, 0x0000000088900000| Untracked 
| 104|0x0000000088a00000, 0x0000000088a00000, 0x0000000088b00000|  0%| F|  |TAMS 0x0000000088a00000, 0x0000000088a00000| Untracked 
| 105|0x0000000088b00000, 0x0000000088b00000, 0x0000000088c00000|  0%| F|  |TAMS 0x0000000088b00000, 0x0000000088b00000| Untracked 
| 106|0x0000000088c00000, 0x0000000088c00000, 0x0000000088d00000|  0%| F|  |TAMS 0x0000000088c00000, 0x0000000088c00000| Untracked 
| 107|0x0000000088d00000, 0x0000000088d00000, 0x0000000088e00000|  0%| F|  |TAMS 0x0000000088d00000, 0x0000000088d00000| Untracked 
| 108|0x0000000088e00000, 0x0000000088e00000, 0x0000000088f00000|  0%| F|  |TAMS 0x0000000088e00000, 0x0000000088e00000| Untracked 
| 109|0x0000000088f00000, 0x0000000088f00000, 0x0000000089000000|  0%| F|  |TAMS 0x0000000088f00000, 0x0000000088f00000| Untracked 
| 110|0x0000000089000000, 0x0000000089000000, 0x0000000089100000|  0%| F|  |TAMS 0x0000000089000000, 0x0000000089000000| Untracked 
| 111|0x0000000089100000, 0x0000000089100000, 0x0000000089200000|  0%| F|  |TAMS 0x0000000089100000, 0x0000000089100000| Untracked 
| 112|0x0000000089200000, 0x0000000089200000, 0x0000000089300000|  0%| F|  |TAMS 0x0000000089200000, 0x0000000089200000| Untracked 
| 113|0x0000000089300000, 0x0000000089300000, 0x0000000089400000|  0%| F|  |TAMS 0x0000000089300000, 0x0000000089300000| Untracked 
| 114|0x0000000089400000, 0x0000000089400000, 0x0000000089500000|  0%| F|  |TAMS 0x0000000089400000, 0x0000000089400000| Untracked 
| 115|0x0000000089500000, 0x0000000089500000, 0x0000000089600000|  0%| F|  |TAMS 0x0000000089500000, 0x0000000089500000| Untracked 
| 116|0x0000000089600000, 0x0000000089600000, 0x0000000089700000|  0%| F|  |TAMS 0x0000000089600000, 0x0000000089600000| Untracked 
| 117|0x0000000089700000, 0x0000000089700000, 0x0000000089800000|  0%| F|  |TAMS 0x0000000089700000, 0x0000000089700000| Untracked 
| 118|0x0000000089800000, 0x0000000089800000, 0x0000000089900000|  0%| F|  |TAMS 0x0000000089800000, 0x0000000089800000| Untracked 
| 119|0x0000000089900000, 0x0000000089900000, 0x0000000089a00000|  0%| F|  |TAMS 0x0000000089900000, 0x0000000089900000| Untracked 
| 120|0x0000000089a00000, 0x0000000089a00000, 0x0000000089b00000|  0%| F|  |TAMS 0x0000000089a00000, 0x0000000089a00000| Untracked 
| 121|0x0000000089b00000, 0x0000000089b00000, 0x0000000089c00000|  0%| F|  |TAMS 0x0000000089b00000, 0x0000000089b00000| Untracked 
| 122|0x0000000089c00000, 0x0000000089c00000, 0x0000000089d00000|  0%| F|  |TAMS 0x0000000089c00000, 0x0000000089c00000| Untracked 
| 123|0x0000000089d00000, 0x0000000089d00000, 0x0000000089e00000|  0%| F|  |TAMS 0x0000000089d00000, 0x0000000089d00000| Untracked 
| 124|0x0000000089e00000, 0x0000000089e00000, 0x0000000089f00000|  0%| F|  |TAMS 0x0000000089e00000, 0x0000000089e00000| Untracked 
| 125|0x0000000089f00000, 0x0000000089f00000, 0x000000008a000000|  0%| F|  |TAMS 0x0000000089f00000, 0x0000000089f00000| Untracked 

Card table byte_map: [0x000001c56b270000,0x000001c56b660000] _byte_map_base: 0x000001c56ae5f000

Marking Bits (Prev, Next): (CMBitMap*) 0x000001c555f93d08, (CMBitMap*) 0x000001c555f93d48
 Prev Bits: [0x000001c56ba50000, 0x000001c56d9c8000)
 Next Bits: [0x000001c56d9d0000, 0x000001c56f948000)

Polling page: 0x000001c556020000

Metaspace:

Usage:
  Non-class:      4.61 MB capacity,     4.54 MB ( 99%) used,    65.88 KB (  1%) free+waste,     2.00 KB ( <1%) overhead. 
      Class:    433.00 KB capacity,   400.61 KB ( 93%) used,    31.58 KB (  7%) free+waste,   832 bytes ( <1%) overhead. 
       Both:      5.03 MB capacity,     4.93 MB ( 98%) used,    97.46 KB (  2%) free+waste,     2.81 KB ( <1%) overhead. 

Virtual space:
  Non-class space:        8.00 MB reserved,       4.75 MB ( 59%) committed 
      Class space:        1.00 GB reserved,     512.00 KB ( <1%) committed 
             Both:        1.01 GB reserved,       5.25 MB ( <1%) committed 

Chunk freelists:
   Non-Class:  18.00 KB
       Class:  15.00 KB
        Both:  33.00 KB

MaxMetaspaceSize: 17179869184.00 GB
CompressedClassSpaceSize: 1.00 GB

CodeHeap 'non-profiled nmethods': size=120000Kb used=191Kb max_used=191Kb free=119808Kb
 bounds [0x000001c562ee0000, 0x000001c563150000, 0x000001c56a410000]
CodeHeap 'profiled nmethods': size=120000Kb used=561Kb max_used=561Kb free=119438Kb
 bounds [0x000001c55b9b0000, 0x000001c55bc20000, 0x000001c562ee0000]
CodeHeap 'non-nmethods': size=5760Kb used=1084Kb max_used=1113Kb free=4675Kb
 bounds [0x000001c55b410000, 0x000001c55b680000, 0x000001c55b9b0000]
 total_blobs=610 nmethods=295 adapters=228
 compilation: enabled
              stopped_count=0, restarted_count=0
 full_count=0

Compilation events (20 events):
Event: 0.408 Thread 0x000001c572cde800  285       3       java.lang.AbstractStringBuilder::append (33 bytes)
Event: 0.408 Thread 0x000001c572cde800 nmethod 285 0x000001c55ba35e90 code [0x000001c55ba36040, 0x000001c55ba36228]
Event: 0.423 Thread 0x000001c572cde800  286       3       java.io.FileInputStream::read (8 bytes)
Event: 0.423 Thread 0x000001c572cde800 nmethod 286 0x000001c55ba36390 code [0x000001c55ba36540, 0x000001c55ba36668]
Event: 0.427 Thread 0x000001c572cde800  288       3       java.nio.Buffer::<init> (105 bytes)
Event: 0.428 Thread 0x000001c572cde800 nmethod 288 0x000001c55ba36710 code [0x000001c55ba369e0, 0x000001c55ba37778]
Event: 0.428 Thread 0x000001c572cde800  289       3       java.nio.ByteBuffer::limit (8 bytes)
Event: 0.428 Thread 0x000001c572cde800 nmethod 289 0x000001c55ba37c10 code [0x000001c55ba37dc0, 0x000001c55ba37f08]
Event: 0.428 Thread 0x000001c572cde800  290       3       java.nio.ByteBuffer::flip (7 bytes)
Event: 0.428 Thread 0x000001c572cde800 nmethod 290 0x000001c55ba37f90 code [0x000001c55ba38120, 0x000001c55ba38298]
Event: 0.428 Thread 0x000001c572cde800  291       3       java.nio.Buffer::flip (20 bytes)
Event: 0.428 Thread 0x000001c572cde800 nmethod 291 0x000001c55ba38390 code [0x000001c55ba38520, 0x000001c55ba38638]
Event: 0.429 Thread 0x000001c572cde800  292       3       java.io.InputStreamReader::read (11 bytes)
Event: 0.429 Thread 0x000001c572cde800 nmethod 292 0x000001c55ba38710 code [0x000001c55ba388c0, 0x000001c55ba38a08]
Event: 0.429 Thread 0x000001c572cde800  293   !   3       sun.nio.cs.StreamDecoder::read (196 bytes)
Event: 0.429 Thread 0x000001c572cde800 nmethod 293 0x000001c55ba38b10 code [0x000001c55ba38d60, 0x000001c55ba399a8]
Event: 0.429 Thread 0x000001c572cde800  295       3       java.io.BufferedReader::fill (170 bytes)
Event: 0.430 Thread 0x000001c572cde800 nmethod 295 0x000001c55ba39f10 code [0x000001c55ba3a100, 0x000001c55ba3a788]
Event: 0.430 Thread 0x000001c572cde800  294   !   3       sun.nio.cs.StreamDecoder::readBytes (289 bytes)
Event: 0.430 Thread 0x000001c572cde800 nmethod 294 0x000001c55ba3a910 code [0x000001c55ba3ac20, 0x000001c55ba3bce8]

GC Heap History (9 events):
Event: 0.227 GC heap before
{Heap before GC invocations=0 (full 0):
 garbage-first heap   total 129024K, used 23552K [0x0000000082200000, 0x0000000100000000)
  region size 1024K, 23 young (23552K), 0 survivors (0K)
 Metaspace       used 5011K, capacity 5151K, committed 5376K, reserved 1056768K
  class space    used 400K, capacity 433K, committed 512K, reserved 1048576K
}
Event: 0.232 GC heap after
{Heap after GC invocations=1 (full 0):
 garbage-first heap   total 129024K, used 1365K [0x0000000082200000, 0x0000000100000000)
  region size 1024K, 2 young (2048K), 2 survivors (2048K)
 Metaspace       used 5011K, capacity 5151K, committed 5376K, reserved 1056768K
  class space    used 400K, capacity 433K, committed 512K, reserved 1048576K
}
Event: 0.287 GC heap before
{Heap before GC invocations=1 (full 0):
 garbage-first heap   total 129024K, used 36181K [0x0000000082200000, 0x0000000100000000)
  region size 1024K, 36 young (36864K), 2 survivors (2048K)
 Metaspace       used 5013K, capacity 5151K, committed 5376K, reserved 1056768K
  class space    used 400K, capacity 433K, committed 512K, reserved 1048576K
}
Event: 0.291 GC heap after
{Heap after GC invocations=2 (full 0):
 garbage-first heap   total 129024K, used 2605K [0x0000000082200000, 0x0000000100000000)
  region size 1024K, 3 young (3072K), 3 survivors (3072K)
 Metaspace       used 5013K, capacity 5151K, committed 5376K, reserved 1056768K
  class space    used 400K, capacity 433K, committed 512K, reserved 1048576K
}
Event: 0.357 GC heap before
{Heap before GC invocations=2 (full 0):
 garbage-first heap   total 129024K, used 76333K [0x0000000082200000, 0x0000000100000000)
  region size 1024K, 75 young (76800K), 3 survivors (3072K)
 Metaspace       used 5028K, capacity 5151K, committed 5376K, reserved 1056768K
  class space    used 400K, capacity 433K, committed 512K, reserved 1048576K
}
Event: 0.363 GC heap after
{Heap after GC invocations=3 (full 0):
 garbage-first heap   total 129024K, used 5120K [0x0000000082200000, 0x0000000100000000)
  region size 1024K, 5 young (5120K), 5 survivors (5120K)
 Metaspace       used 5028K, capacity 5151K, committed 5376K, reserved 1056768K
  class space    used 400K, capacity 433K, committed 512K, reserved 1048576K
}
Event: 0.395 GC heap before
{Heap before GC invocations=3 (full 0):
 garbage-first heap   total 129024K, used 77824K [0x0000000082200000, 0x0000000100000000)
  region size 1024K, 75 young (76800K), 5 survivors (5120K)
 Metaspace       used 5039K, capacity 5151K, committed 5376K, reserved 1056768K
  class space    used 400K, capacity 433K, committed 512K, reserved 1048576K
}
Event: 0.403 GC heap after
{Heap after GC invocations=4 (full 0):
 garbage-first heap   total 129024K, used 7938K [0x0000000082200000, 0x0000000100000000)
  region size 1024K, 7 young (7168K), 7 survivors (7168K)
 Metaspace       used 5039K, capacity 5151K, committed 5376K, reserved 1056768K
  class space    used 400K, capacity 433K, committed 512K, reserved 1048576K
}
Event: 0.433 GC heap before
{Heap before GC invocations=4 (full 0):
 garbage-first heap   total 129024K, used 77570K [0x0000000082200000, 0x0000000100000000)
  region size 1024K, 75 young (76800K), 7 survivors (7168K)
 Metaspace       used 5050K, capacity 5151K, committed 5376K, reserved 1056768K
  class space    used 400K, capacity 433K, committed 512K, reserved 1048576K
}

Deoptimization events (20 events):
Event: 0.273 Thread 0x000001c555f50800 DEOPT PACKING pc=0x000001c55ba204d7 sp=0x0000003731cfeb10
Event: 0.273 Thread 0x000001c555f50800 DEOPT UNPACKING pc=0x000001c55b45964e sp=0x0000003731cfe088 mode 0
Event: 0.275 Thread 0x000001c555f50800 DEOPT PACKING pc=0x000001c55ba204d7 sp=0x0000003731cfeb10
Event: 0.275 Thread 0x000001c555f50800 DEOPT UNPACKING pc=0x000001c55b45964e sp=0x0000003731cfe088 mode 0
Event: 0.276 Thread 0x000001c555f50800 DEOPT PACKING pc=0x000001c55ba204d7 sp=0x0000003731cfeb10
Event: 0.276 Thread 0x000001c555f50800 DEOPT UNPACKING pc=0x000001c55b45964e sp=0x0000003731cfe088 mode 0
Event: 0.320 Thread 0x000001c555f50800 DEOPT PACKING pc=0x000001c55ba24d02 sp=0x0000003731cfef70
Event: 0.320 Thread 0x000001c555f50800 DEOPT UNPACKING pc=0x000001c55b45964e sp=0x0000003731cfe578 mode 0
Event: 0.326 Thread 0x000001c555f50800 DEOPT PACKING pc=0x000001c55ba24d02 sp=0x0000003731cfef70
Event: 0.326 Thread 0x000001c555f50800 DEOPT UNPACKING pc=0x000001c55b45964e sp=0x0000003731cfe578 mode 0
Event: 0.336 Thread 0x000001c555f50800 DEOPT PACKING pc=0x000001c55ba24d02 sp=0x0000003731cfef70
Event: 0.336 Thread 0x000001c555f50800 DEOPT UNPACKING pc=0x000001c55b45964e sp=0x0000003731cfe578 mode 0
Event: 0.346 Thread 0x000001c555f50800 DEOPT PACKING pc=0x000001c55ba24d02 sp=0x0000003731cfef70
Event: 0.346 Thread 0x000001c555f50800 DEOPT UNPACKING pc=0x000001c55b45964e sp=0x0000003731cfe578 mode 0
Event: 0.356 Thread 0x000001c555f50800 DEOPT PACKING pc=0x000001c55ba24d02 sp=0x0000003731cfef70
Event: 0.356 Thread 0x000001c555f50800 DEOPT UNPACKING pc=0x000001c55b45964e sp=0x0000003731cfe578 mode 0
Event: 0.368 Thread 0x000001c555f50800 DEOPT PACKING pc=0x000001c55ba24d02 sp=0x0000003731cfef70
Event: 0.368 Thread 0x000001c555f50800 DEOPT UNPACKING pc=0x000001c55b45964e sp=0x0000003731cfe578 mode 0
Event: 0.373 Thread 0x000001c555f50800 DEOPT PACKING pc=0x000001c55ba24d02 sp=0x0000003731cfef70
Event: 0.373 Thread 0x000001c555f50800 DEOPT UNPACKING pc=0x000001c55b45964e sp=0x0000003731cfe578 mode 0

Classes unloaded (0 events):
No events

Classes redefined (0 events):
No events

Internal exceptions (0 events):
No events

Events (20 events):
Event: 0.121 loading class java/util/regex/Pattern$TreeInfo
Event: 0.121 loading class java/util/regex/Pattern$TreeInfo done
Event: 0.121 loading class java/util/regex/Matcher
Event: 0.121 loading class java/util/regex/MatchResult
Event: 0.121 loading class java/util/regex/MatchResult done
Event: 0.121 loading class java/util/regex/Matcher done
Event: 0.121 loading class java/util/regex/IntHashSet
Event: 0.121 loading class java/util/regex/IntHashSet done
Event: 0.121 loading class java/util/regex/ASCII
Event: 0.121 loading class java/util/regex/ASCII done
Event: 0.134 Thread 0x000001c572eaa000 Thread added: 0x000001c572eaa000
Event: 0.227 Executing VM operation: G1CollectForAllocation
Event: 0.232 Executing VM operation: G1CollectForAllocation done
Event: 0.287 Executing VM operation: G1CollectForAllocation
Event: 0.291 Executing VM operation: G1CollectForAllocation done
Event: 0.357 Executing VM operation: G1CollectForAllocation
Event: 0.363 Executing VM operation: G1CollectForAllocation done
Event: 0.395 Executing VM operation: G1CollectForAllocation
Event: 0.403 Executing VM operation: G1CollectForAllocation done
Event: 0.432 Executing VM operation: G1CollectForAllocation


Dynamic libraries:
0x00007ff6fc580000 - 0x00007ff6fc58d000 	C:\Users\mnguyen\.p2\pool\plugins\org.eclipse.justj.openjdk.hotspot.jre.full.win32.x86_64_14.0.2.v20200815-0932\jre\bin\javaw.exe
0x00007ffb93dc0000 - 0x00007ffb93fb0000 	C:\Windows\SYSTEM32\ntdll.dll
0x00007ffb932e0000 - 0x00007ffb93392000 	C:\Windows\System32\KERNEL32.DLL
0x00007ffb90ec0000 - 0x00007ffb91165000 	C:\Windows\System32\KERNELBASE.dll
0x00007ffb911f0000 - 0x00007ffb912ea000 	C:\Windows\System32\ucrtbase.dll
0x00007ffb481e0000 - 0x00007ffb481f8000 	C:\Users\mnguyen\.p2\pool\plugins\org.eclipse.justj.openjdk.hotspot.jre.full.win32.x86_64_14.0.2.v20200815-0932\jre\bin\jli.dll
0x00007ffb481c0000 - 0x00007ffb481d5000 	C:\Users\mnguyen\.p2\pool\plugins\org.eclipse.justj.openjdk.hotspot.jre.full.win32.x86_64_14.0.2.v20200815-0932\jre\bin\VCRUNTIME140.dll
0x00007ffb93830000 - 0x00007ffb939c4000 	C:\Windows\System32\USER32.dll
0x00007ffb90d40000 - 0x00007ffb90d61000 	C:\Windows\System32\win32u.dll
0x00007ffb6dc10000 - 0x00007ffb6de94000 	C:\Windows\WinSxS\amd64_microsoft.windows.common-controls_6595b64144ccf1df_6.0.18362.1198_none_9e820b57e45ad92f\COMCTL32.dll
0x00007ffb935b0000 - 0x00007ffb935d6000 	C:\Windows\System32\GDI32.dll
0x00007ffb913c0000 - 0x00007ffb91556000 	C:\Windows\System32\gdi32full.dll
0x00007ffb939d0000 - 0x00007ffb93a6e000 	C:\Windows\System32\msvcrt.dll
0x00007ffb91320000 - 0x00007ffb913be000 	C:\Windows\System32\msvcp_win.dll
0x00007ffb92d80000 - 0x00007ffb930b5000 	C:\Windows\System32\combase.dll
0x00007ffb930f0000 - 0x00007ffb93210000 	C:\Windows\System32\RPCRT4.dll
0x00007ffb91170000 - 0x00007ffb911f0000 	C:\Windows\System32\bcryptPrimitives.dll
0x00007ffb930c0000 - 0x00007ffb930ee000 	C:\Windows\System32\IMM32.DLL
0x00007ffb48120000 - 0x00007ffb481bb000 	C:\Users\mnguyen\.p2\pool\plugins\org.eclipse.justj.openjdk.hotspot.jre.full.win32.x86_64_14.0.2.v20200815-0932\jre\bin\msvcp140.dll
0x00007ffb03390000 - 0x00007ffb03eae000 	C:\Users\mnguyen\.p2\pool\plugins\org.eclipse.justj.openjdk.hotspot.jre.full.win32.x86_64_14.0.2.v20200815-0932\jre\bin\server\jvm.dll
0x00007ffb93ad0000 - 0x00007ffb93b73000 	C:\Windows\System32\ADVAPI32.dll
0x00007ffb91e80000 - 0x00007ffb91f17000 	C:\Windows\System32\sechost.dll
0x00007ffb91e70000 - 0x00007ffb91e78000 	C:\Windows\System32\PSAPI.DLL
0x00007ffb69440000 - 0x00007ffb69449000 	C:\Windows\SYSTEM32\WSOCK32.dll
0x00007ffb8b860000 - 0x00007ffb8b884000 	C:\Windows\SYSTEM32\WINMM.dll
0x00007ffb85df0000 - 0x00007ffb85dfa000 	C:\Windows\SYSTEM32\VERSION.dll
0x00007ffb93270000 - 0x00007ffb932df000 	C:\Windows\System32\WS2_32.dll
0x00007ffb8b830000 - 0x00007ffb8b85d000 	C:\Windows\SYSTEM32\WINMMBASE.dll
0x00007ffb91610000 - 0x00007ffb9165a000 	C:\Windows\System32\cfgmgr32.dll
0x00007ffb90ca0000 - 0x00007ffb90cb1000 	C:\Windows\System32\kernel.appcore.dll
0x00007ffb7a0f0000 - 0x00007ffb7a0fa000 	C:\Users\mnguyen\.p2\pool\plugins\org.eclipse.justj.openjdk.hotspot.jre.full.win32.x86_64_14.0.2.v20200815-0932\jre\bin\jimage.dll
0x00007ffb8f560000 - 0x00007ffb8f754000 	C:\Windows\SYSTEM32\DBGHELP.DLL
0x00007ffb84160000 - 0x00007ffb8418a000 	C:\Windows\SYSTEM32\dbgcore.DLL
0x00007ffb79fb0000 - 0x00007ffb79fd5000 	C:\Users\mnguyen\.p2\pool\plugins\org.eclipse.justj.openjdk.hotspot.jre.full.win32.x86_64_14.0.2.v20200815-0932\jre\bin\java.dll
0x00007ffb79e50000 - 0x00007ffb79e66000 	C:\Users\mnguyen\.p2\pool\plugins\org.eclipse.justj.openjdk.hotspot.jre.full.win32.x86_64_14.0.2.v20200815-0932\jre\bin\zip.dll
0x00007ffb92210000 - 0x00007ffb928f7000 	C:\Windows\System32\SHELL32.dll
0x00007ffb91f20000 - 0x00007ffb91fc9000 	C:\Windows\System32\shcore.dll
0x00007ffb916c0000 - 0x00007ffb91e41000 	C:\Windows\System32\windows.storage.dll
0x00007ffb90cc0000 - 0x00007ffb90ce3000 	C:\Windows\System32\profapi.dll
0x00007ffb90cf0000 - 0x00007ffb90d3a000 	C:\Windows\System32\powrprof.dll
0x00007ffb90c70000 - 0x00007ffb90c80000 	C:\Windows\System32\UMPDC.dll
0x00007ffb93210000 - 0x00007ffb93262000 	C:\Windows\System32\shlwapi.dll
0x00007ffb91e50000 - 0x00007ffb91e67000 	C:\Windows\System32\cryptsp.dll

dbghelp: loaded successfully - version: 4.0.5 - missing functions: none
symbol engine: initialized successfully - sym options: 0x614 - pdb path: .;C:\Users\mnguyen\.p2\pool\plugins\org.eclipse.justj.openjdk.hotspot.jre.full.win32.x86_64_14.0.2.v20200815-0932\jre\bin;C:\Windows\SYSTEM32;C:\Windows\WinSxS\amd64_microsoft.windows.common-controls_6595b64144ccf1df_6.0.18362.1198_none_9e820b57e45ad92f;C:\Users\mnguyen\.p2\pool\plugins\org.eclipse.justj.openjdk.hotspot.jre.full.win32.x86_64_14.0.2.v20200815-0932\jre\bin\server

VM Arguments:
jvm_args: -Dfile.encoding=Cp1252 -XX:+ShowCodeDetailsInExceptionMessages 
java_command: HangmanGame
java_class_path (initial): C:\Users\mnguyen\eclipse-workspace\Hangman\bin;C:\Users\mnguyen\.p2\pool\plugins\org.junit.jupiter.api_5.6.0.v20200203-2009.jar;C:\Users\mnguyen\.p2\pool\plugins\org.junit.jupiter.engine_5.6.0.v20200203-2009.jar;C:\Users\mnguyen\.p2\pool\plugins\org.junit.jupiter.migrationsupport_5.6.0.v20200203-2009.jar;C:\Users\mnguyen\.p2\pool\plugins\org.junit.jupiter.params_5.6.0.v20200203-2009.jar;C:\Users\mnguyen\.p2\pool\plugins\org.junit.platform.commons_1.6.0.v20200203-2009.jar;C:\Users\mnguyen\.p2\pool\plugins\org.junit.platform.engine_1.6.0.v20200203-2009.jar;C:\Users\mnguyen\.p2\pool\plugins\org.junit.platform.launcher_1.6.0.v20200203-2009.jar;C:\Users\mnguyen\.p2\pool\plugins\org.junit.platform.runner_1.6.0.v20200203-2009.jar;C:\Users\mnguyen\.p2\pool\plugins\org.junit.platform.suite.api_1.6.0.v20200203-2009.jar;C:\Users\mnguyen\.p2\pool\plugins\org.junit.vintage.engine_5.6.0.v20200203-2009.jar;C:\Users\mnguyen\.p2\pool\plugins\org.opentest4j_1.2.0.v20190826-0900.jar;C:\Users\mnguyen\.p2\pool\plugins\org.apiguardian_1.1.0.v20190826-0900.jar;C:\Users\mnguyen\.p2\pool\plugins\org.junit_4.13.0.v20200204-1500.jar;C:\Users\mnguyen\.p2\pool\plugins\org.hamcrest.core_1.3.0.v20180420-1519.jar
Launcher Type: SUN_STANDARD

[Global flags]
     intx CICompilerCount                          = 4                                         {product} {ergonomic}
     uint ConcGCThreads                            = 2                                         {product} {ergonomic}
     uint G1ConcRefinementThreads                  = 8                                         {product} {ergonomic}
   size_t G1HeapRegionSize                         = 1048576                                   {product} {ergonomic}
    uintx GCDrainStackTargetSize                   = 64                                        {product} {ergonomic}
   size_t InitialHeapSize                          = 132120576                                 {product} {ergonomic}
   size_t MarkStackSize                            = 4194304                                   {product} {ergonomic}
   size_t MaxHeapSize                              = 2111832064                                {product} {ergonomic}
   size_t MaxNewSize                               = 1266679808                                {product} {ergonomic}
   size_t MinHeapDeltaBytes                        = 1048576                                   {product} {ergonomic}
   size_t MinHeapSize                              = 8388608                                   {product} {ergonomic}
    uintx NonNMethodCodeHeapSize                   = 5839372                                {pd product} {ergonomic}
    uintx NonProfiledCodeHeapSize                  = 122909434                              {pd product} {ergonomic}
    uintx ProfiledCodeHeapSize                     = 122909434                              {pd product} {ergonomic}
    uintx ReservedCodeCacheSize                    = 251658240                              {pd product} {ergonomic}
     bool SegmentedCodeCache                       = true                                      {product} {ergonomic}
     bool ShowCodeDetailsInExceptionMessages       = true                                   {manageable} {command line}
   size_t SoftMaxHeapSize                          = 2111832064                             {manageable} {ergonomic}
     bool UseCompressedClassPointers               = true                                 {lp64_product} {ergonomic}
     bool UseCompressedOops                        = true                                 {lp64_product} {ergonomic}
     bool UseG1GC                                  = true                                      {product} {ergonomic}
     bool UseLargePagesIndividualAllocation        = false                                  {pd product} {ergonomic}

Logging:
Log output configuration:
 #0: stdout all=warning uptime,level,tags
 #1: stderr all=off uptime,level,tags

Environment Variables:
PATH=C:/Users/mnguyen/.p2/pool/plugins/org.eclipse.justj.openjdk.hotspot.jre.full.win32.x86_64_14.0.2.v20200815-0932/jre/bin/server;C:/Users/mnguyen/.p2/pool/plugins/org.eclipse.justj.openjdk.hotspot.jre.full.win32.x86_64_14.0.2.v20200815-0932/jre/bin;C:\Program Files (x86)\Common Files\Oracle\Java\javapath;C:\Windows\system32;C:\Windows;C:\Windows\System32\Wbem;C:\Windows\System32\WindowsPowerShell\v1.0\;C:\Windows\System32\OpenSSH\;C:\Program Files (x86)\Intel\Intel(R) Management Engine Components\DAL;C:\Program Files\Intel\Intel(R) Management Engine Components\DAL;C:\Program Files\Intel\WiFi\bin\;C:\Program Files\Common Files\Intel\WirelessCommon\;C:\Users\mnguyen\spark-2.4.5-bin-hadoop2.6\;C:\Users\mnguyen\PostgreSQL\12\bin;C:\Program Files\IVI Foundation\VISA\Win64\Bin\;C:\Program Files (x86)\IVI Foundation\VISA\WinNT\Bin\;C:\Program Files (x86)\IVI Foundation\VISA\WinNT\Bin;C:\Program Files (x86)\IVI Foundation\IVI\bin;C:\Program Files\IVI Foundation\IVI\bin;C:\PROGRA~2\IVIFOU~1\VISA\WinNT\Bin;C:\Program Files (x86)\National Instruments\Shared\System\;C:\Program Files (x86)\National Instruments\Motion Assistant\bin\mxwplugins;C:\Users\mnguyen\AppData\Local\Microsoft\WindowsApps;C:\Users\mnguyen\AppData\Local\atom\bin;C:\Windows\system32;
USERNAME=mnguyen
OS=Windows_NT
PROCESSOR_IDENTIFIER=Intel64 Family 6 Model 142 Stepping 10, GenuineIntel



---------------  S Y S T E M  ---------------

OS: Windows 10 , 64 bit Build 18362 (10.0.18362.1110)
OS uptime: 5 days 0:00 hours

CPU:total 8 (initial active 8) (4 cores per cpu, 2 threads per core) family 6 model 142 stepping 10, cmov, cx8, fxsr, mmx, sse, sse2, sse3, ssse3, sse4.1, sse4.2, popcnt, avx, avx2, aes, clmul, erms, rtm, 3dnowpref, lzcnt, ht, tsc, tscinvbit, bmi1, bmi2, adx, fma

Memory: 4k page, system-wide physical 8051M (525M free)
TotalPageFile size 32627M (AvailPageFile size 10M)
current process WorkingSet (physical memory assigned to process): 125M, peak: 125M
current process commit charge ("private bytes"): 211M, peak: 300M

vm_info: OpenJDK 64-Bit Server VM (14.0.2+12-46) for windows-amd64 JRE (14.0.2+12-46), built on Jul  9 2020 00:31:16 by "mach5one" with MS VC++ 15.9 (VS2017)

END.
